<?xml version="1.0" encoding="UTF-8"?><testrun name="TestRunner (3)" project="SeleniumCucumber" tests="3" started="3" failures="1" errors="0" ignored="0">
  <testsuite name="testRunner.TestRunner" time="37.714">
    <testsuite name="Customers" time="17.396">
      <testcase name="Search customer by Emailid" classname="Customers" time="17.396"/>
    </testsuite>
    <testsuite name="Login" time="20.318">
      <testcase name="Successfull Login with Valid credentials #2" classname="Login" time="11.886"/>
      <testcase name="Successfull Login with Valid credentials #3" classname="Login" time="8.432">
        <failure>java.lang.AssertionError: expected [true] but found [false]&#13;
	at org.testng.Assert.fail(Assert.java:99)&#13;
	at org.testng.Assert.failNotEquals(Assert.java:1037)&#13;
	at org.testng.Assert.assertTrue(Assert.java:45)&#13;
	at org.testng.Assert.assertTrue(Assert.java:55)&#13;
	at stepDefinitions.Steps.page_title_should_be(Steps.java:85)&#13;
	at âœ½.page title should be "Dashboard / nopCommerce administration"(file:///D:/Users/XP.Chaitanya.Buddi/eclipse-workspace/SeleniumCucumber/./Features/Login.feature:19)&#13;
&#13;
</failure>
      </testcase>
    </testsuite>
  </testsuite>
</testrun>
